{"/Users/alfiedarko/Documents/ByTheBalls/routes/index.js": {"path":"/Users/alfiedarko/Documents/ByTheBalls/routes/index.js","statementMap":{"0":{"start":{"line":1,"column":14},"end":{"line":1,"column":32}},"1":{"start":{"line":2,"column":13},"end":{"line":2,"column":29}},"2":{"start":{"line":5,"column":0},"end":{"line":7,"column":3}},"3":{"start":{"line":6,"column":2},"end":{"line":6,"column":44}},"4":{"start":{"line":9,"column":0},"end":{"line":9,"column":24}}},"fnMap":{"0":{"name":"(anonymous_0)","decl":{"start":{"line":5,"column":16},"end":{"line":5,"column":17}},"loc":{"start":{"line":5,"column":41},"end":{"line":7,"column":1}},"line":5}},"branchMap":{},"s":{"0":1,"1":1,"2":1,"3":1,"4":1},"f":{"0":1},"b":{},"_coverageSchema":"332fd63041d2c1bcb487cc26dd0d5f7d97098a6c","hash":"726727fca72c0c90ad9c7b4b70d68f56c39f670e"}
,"/Users/alfiedarko/Documents/ByTheBalls/routes/users.js": {"path":"/Users/alfiedarko/Documents/ByTheBalls/routes/users.js","statementMap":{"0":{"start":{"line":1,"column":14},"end":{"line":1,"column":32}},"1":{"start":{"line":2,"column":13},"end":{"line":2,"column":29}},"2":{"start":{"line":5,"column":0},"end":{"line":7,"column":3}},"3":{"start":{"line":6,"column":2},"end":{"line":6,"column":38}},"4":{"start":{"line":9,"column":0},"end":{"line":9,"column":24}}},"fnMap":{"0":{"name":"(anonymous_0)","decl":{"start":{"line":5,"column":16},"end":{"line":5,"column":17}},"loc":{"start":{"line":5,"column":41},"end":{"line":7,"column":1}},"line":5}},"branchMap":{},"s":{"0":1,"1":1,"2":1,"3":0,"4":1},"f":{"0":0},"b":{},"_coverageSchema":"332fd63041d2c1bcb487cc26dd0d5f7d97098a6c","hash":"06f47340221b68188b0d90a4f211d82c9539bd44"}
}
